mode: set
go.ssnk.in/utils/database/internal/mongodb/mongodb.go:19.62,24.2 1 1
go.ssnk.in/utils/database/internal/mongodb/mongodb.go:26.94,28.19 1 1
go.ssnk.in/utils/database/internal/mongodb/mongodb.go:28.19,30.3 1 0
go.ssnk.in/utils/database/internal/mongodb/mongodb.go:32.2,40.42 2 1
go.ssnk.in/utils/database/internal/mongodb/mongodb.go:40.42,42.3 1 0
go.ssnk.in/utils/database/internal/mongodb/mongodb.go:44.2,44.44 1 1
go.ssnk.in/utils/database/internal/mongodb/mongodb.go:44.44,46.3 1 0
go.ssnk.in/utils/database/internal/mongodb/mongodb.go:48.2,48.50 1 1
go.ssnk.in/utils/database/internal/mongodb/mongodb.go:48.50,50.3 1 0
go.ssnk.in/utils/database/internal/mongodb/mongodb.go:52.2,52.104 1 1
go.ssnk.in/utils/database/internal/mongodb/mongodb.go:52.104,54.3 1 0
go.ssnk.in/utils/database/internal/mongodb/mongodb.go:56.2,56.17 1 1
go.ssnk.in/utils/database/internal/mongodb/mongodb.go:59.93,61.19 1 1
go.ssnk.in/utils/database/internal/mongodb/mongodb.go:61.19,63.3 1 0
go.ssnk.in/utils/database/internal/mongodb/mongodb.go:65.2,74.42 2 1
go.ssnk.in/utils/database/internal/mongodb/mongodb.go:74.42,76.3 1 0
go.ssnk.in/utils/database/internal/mongodb/mongodb.go:78.2,78.44 1 1
go.ssnk.in/utils/database/internal/mongodb/mongodb.go:78.44,80.3 1 0
go.ssnk.in/utils/database/internal/mongodb/mongodb.go:82.2,82.39 1 1
go.ssnk.in/utils/database/internal/mongodb/mongodb.go:82.39,84.3 1 0
go.ssnk.in/utils/database/internal/mongodb/mongodb.go:86.2,86.96 1 1
go.ssnk.in/utils/database/internal/mongodb/mongodb.go:86.96,88.3 1 0
go.ssnk.in/utils/database/internal/mongodb/mongodb.go:90.2,94.37 2 1
go.ssnk.in/utils/database/internal/mongodb/mongodb.go:94.37,97.43 2 1
go.ssnk.in/utils/database/internal/mongodb/mongodb.go:97.43,99.4 1 0
go.ssnk.in/utils/database/internal/mongodb/mongodb.go:101.3,101.51 1 1
go.ssnk.in/utils/database/internal/mongodb/mongodb.go:104.2,104.22 1 1
go.ssnk.in/utils/database/internal/mongodb/mongodb.go:107.94,109.19 1 1
go.ssnk.in/utils/database/internal/mongodb/mongodb.go:109.19,111.3 1 0
go.ssnk.in/utils/database/internal/mongodb/mongodb.go:113.2,123.42 2 1
go.ssnk.in/utils/database/internal/mongodb/mongodb.go:123.42,125.3 1 0
go.ssnk.in/utils/database/internal/mongodb/mongodb.go:127.2,127.44 1 1
go.ssnk.in/utils/database/internal/mongodb/mongodb.go:127.44,129.3 1 0
go.ssnk.in/utils/database/internal/mongodb/mongodb.go:131.2,131.45 1 1
go.ssnk.in/utils/database/internal/mongodb/mongodb.go:131.45,133.3 1 0
go.ssnk.in/utils/database/internal/mongodb/mongodb.go:135.2,135.45 1 1
go.ssnk.in/utils/database/internal/mongodb/mongodb.go:135.45,137.3 1 0
go.ssnk.in/utils/database/internal/mongodb/mongodb.go:139.2,139.129 1 1
go.ssnk.in/utils/database/internal/mongodb/mongodb.go:139.129,141.3 1 0
go.ssnk.in/utils/database/internal/mongodb/mongodb.go:143.2,150.10 1 1
go.ssnk.in/utils/database/internal/mongodb/mongodb.go:153.94,155.19 1 1
go.ssnk.in/utils/database/internal/mongodb/mongodb.go:155.19,157.3 1 0
go.ssnk.in/utils/database/internal/mongodb/mongodb.go:159.2,168.42 2 1
go.ssnk.in/utils/database/internal/mongodb/mongodb.go:168.42,170.3 1 0
go.ssnk.in/utils/database/internal/mongodb/mongodb.go:172.2,172.44 1 1
go.ssnk.in/utils/database/internal/mongodb/mongodb.go:172.44,174.3 1 0
go.ssnk.in/utils/database/internal/mongodb/mongodb.go:176.2,176.45 1 1
go.ssnk.in/utils/database/internal/mongodb/mongodb.go:176.45,178.3 1 0
go.ssnk.in/utils/database/internal/mongodb/mongodb.go:180.2,180.116 1 1
go.ssnk.in/utils/database/internal/mongodb/mongodb.go:180.116,182.3 1 0
go.ssnk.in/utils/database/internal/mongodb/mongodb.go:184.2,184.80 1 1
go.ssnk.in/utils/database/internal/mongodb/mongodb.go:187.93,189.2 1 0
go.ssnk.in/utils/database/internal/mongodb/mongodb.go:191.95,193.2 1 0
go.ssnk.in/utils/database/internal/mongodb/mongodb.go:195.96,197.2 1 0
go.ssnk.in/utils/database/internal/mongodb/mongodb.go:199.77,201.2 1 0
go.ssnk.in/utils/database/internal/mongodb/mongodb.go:203.33,205.2 1 0
